::1 - - [21/Jul/2023:14:12:01 +0000] "GET /api/v1/categories/1 HTTP/1.1" 200 41 "-" "PostmanRuntime/7.32.3"
::1 - - [21/Jul/2023:14:12:05 +0000] "PUT /api/v1/categories/1 HTTP/1.1" 200 48 "-" "PostmanRuntime/7.32.3"
::1 - - [21/Jul/2023:14:12:15 +0000] "PUT /api/v1/categories/1 HTTP/1.1" 200 48 "-" "PostmanRuntime/7.32.3"
::1 - - [21/Jul/2023:14:12:17 +0000] "DELETE /api/v1/categories/1 HTTP/1.1" 200 48 "-" "PostmanRuntime/7.32.3"
::1 - - [21/Jul/2023:14:12:20 +0000] "DELETE /api/v1/categories/1 HTTP/1.1" 200 48 "-" "PostmanRuntime/7.32.3"
::1 - - [21/Jul/2023:14:12:26 +0000] "GET /api/v1/categories/ HTTP/1.1" 500 1478 "-" "PostmanRuntime/7.32.3"
::1 - - [21/Jul/2023:14:12:46 +0000] "POST /api/v1/categories/ HTTP/1.1" 500 1458 "-" "PostmanRuntime/7.32.3"
::1 - - [21/Jul/2023:14:13:04 +0000] "PUT /api/v1/categories/1 HTTP/1.1" 200 48 "-" "PostmanRuntime/7.32.3"
::1 - - [21/Jul/2023:14:13:07 +0000] "PUT /api/v1/categories/1 HTTP/1.1" 200 48 "-" "PostmanRuntime/7.32.3"
::1 - - [21/Jul/2023:14:13:14 +0000] "GET /api/v1/categories/1 HTTP/1.1" 200 41 "-" "PostmanRuntime/7.32.3"
::1 - - [21/Jul/2023:14:13:19 +0000] "GET /api/v1/categories/ HTTP/1.1" 500 1478 "-" "PostmanRuntime/7.32.3"
::1 - - [21/Jul/2023:14:14:22 +0000] "GET /api/v1/categories/ HTTP/1.1" 500 1478 "-" "PostmanRuntime/7.32.3"
::1 - - [21/Jul/2023:14:14:25 +0000] "PUT /api/v1/categories/1 HTTP/1.1" 200 48 "-" "PostmanRuntime/7.32.3"
::1 - - [21/Jul/2023:14:14:27 +0000] "DELETE /api/v1/categories/1 HTTP/1.1" 200 48 "-" "PostmanRuntime/7.32.3"
::1 - - [21/Jul/2023:14:14:30 +0000] "POST /api/v1/categories/ HTTP/1.1" 500 1458 "-" "PostmanRuntime/7.32.3"
::1 - - [21/Jul/2023:14:14:42 +0000] "POST /api/v1/categories/ HTTP/1.1" 500 1478 "-" "PostmanRuntime/7.32.3"
::1 - - [21/Jul/2023:14:15:03 +0000] "GET /api/v1/categories/1 HTTP/1.1" 200 41 "-" "PostmanRuntime/7.32.3"
::1 - - [21/Jul/2023:14:16:19 +0000] "POST /api/v1/categories/ HTTP/1.1" 500 1478 "-" "PostmanRuntime/7.32.3"
::1 - - [21/Jul/2023:14:16:41 +0000] "GET /api/v1/categories/ HTTP/1.1" 500 1478 "-" "PostmanRuntime/7.32.3"
::1 - - [21/Jul/2023:14:19:43 +0000] "GET /api/v1/categories/d HTTP/1.1" 500 1478 "-" "PostmanRuntime/7.32.3"
::1 - - [21/Jul/2023:14:19:48 +0000] "GET /api/v1/categories HTTP/1.1" 500 1478 "-" "PostmanRuntime/7.32.3"
::1 - - [21/Jul/2023:14:19:57 +0000] "GET /api/v1/categories HTTP/1.1" 500 1478 "-" "PostmanRuntime/7.32.3"
::1 - - [21/Jul/2023:14:19:58 +0000] "GET /api/v1/categories HTTP/1.1" 500 1478 "-" "PostmanRuntime/7.32.3"
::1 - - [21/Jul/2023:14:20:02 +0000] "GET /api/v1/categories/ HTTP/1.1" 500 1478 "-" "PostmanRuntime/7.32.3"
::1 - - [21/Jul/2023:14:20:10 +0000] "POST /api/v1/categories/ HTTP/1.1" 500 1478 "-" "PostmanRuntime/7.32.3"
::1 - - [21/Jul/2023:14:20:13 +0000] "POST /api/v1/categories HTTP/1.1" 500 1478 "-" "PostmanRuntime/7.32.3"
::1 - - [21/Jul/2023:14:20:14 +0000] "POST /api/v1/categories HTTP/1.1" 500 1478 "-" "PostmanRuntime/7.32.3"
::1 - - [21/Jul/2023:14:24:17 +0000] "PUT /api/v1/categories/1 HTTP/1.1" 200 48 "-" "PostmanRuntime/7.32.3"
::1 - - [21/Jul/2023:14:24:21 +0000] "DELETE /api/v1/categories/1 HTTP/1.1" 200 48 "-" "PostmanRuntime/7.32.3"
::1 - - [21/Jul/2023:14:24:24 +0000] "GET /api/v1/categories/1 HTTP/1.1" 200 41 "-" "PostmanRuntime/7.32.3"
::1 - - [21/Jul/2023:14:24:26 +0000] "PUT /api/v1/categories/1 HTTP/1.1" 200 48 "-" "PostmanRuntime/7.32.3"
::1 - - [21/Jul/2023:14:27:51 +0000] "GET / HTTP/1.1" 404 139 "-" "Mozilla/5.0 (Windows NT 10.0; Win64; x64) AppleWebKit/537.36 (KHTML, like Gecko) Chrome/114.0.0.0 Safari/537.36"
::1 - - [21/Jul/2023:14:29:34 +0000] "GET //api/v1/categories/ HTTP/1.1" 500 1478 "-" "PostmanRuntime/7.32.3"
::1 - - [21/Jul/2023:14:29:44 +0000] "PUT //api/v1/categories/1 HTTP/1.1" 404 159 "-" "PostmanRuntime/7.32.3"
::1 - - [21/Jul/2023:14:29:53 +0000] "PUT /api/v1/categories/1 HTTP/1.1" 200 48 "-" "PostmanRuntime/7.32.3"
::1 - - [21/Jul/2023:14:29:59 +0000] "GET /api/v1/categories/ HTTP/1.1" 500 1478 "-" "PostmanRuntime/7.32.3"
::1 - - [21/Jul/2023:14:30:01 +0000] "GET /api/v1/categories/ HTTP/1.1" 500 1478 "-" "PostmanRuntime/7.32.3"
::1 - - [21/Jul/2023:14:30:13 +0000] "DELETE /api/v1/categories/1 HTTP/1.1" 200 48 "-" "PostmanRuntime/7.32.3"
::1 - - [21/Jul/2023:14:30:26 +0000] "DELETE //api/v1/categories/1 HTTP/1.1" 404 162 "-" "PostmanRuntime/7.32.3"
::1 - - [21/Jul/2023:14:30:31 +0000] "DELETE /api/v1/categories/1 HTTP/1.1" 200 48 "-" "PostmanRuntime/7.32.3"
::1 - - [21/Jul/2023:14:30:46 +0000] "GET /api/v1/categories/1 HTTP/1.1" 200 41 "-" "PostmanRuntime/7.32.3"
::1 - - [21/Jul/2023:14:31:32 +0000] "GET /api/v1/categories/ HTTP/1.1" 500 1478 "-" "PostmanRuntime/7.32.3"
::1 - - [21/Jul/2023:14:45:28 +0000] "GET /api/v1/categories/ HTTP/1.1" 500 1478 "-" "PostmanRuntime/7.32.3"
::1 - - [21/Jul/2023:14:45:33 +0000] "DELETE /api/v1/categories/1 HTTP/1.1" 200 48 "-" "PostmanRuntime/7.32.3"
::1 - - [21/Jul/2023:14:57:20 +0000] "POST /api/v1/categories HTTP/1.1" 500 1478 "-" "PostmanRuntime/7.32.3"
::1 - - [21/Jul/2023:14:58:07 +0000] "POST /api/v1/categories HTTP/1.1" 500 1478 "-" "PostmanRuntime/7.32.3"
::1 - - [21/Jul/2023:14:58:11 +0000] "POST /api/v1/categories/ HTTP/1.1" 500 1478 "-" "PostmanRuntime/7.32.3"
::1 - - [21/Jul/2023:15:01:26 +0000] "POST /api/v1/categories/ HTTP/1.1" 200 145 "-" "PostmanRuntime/7.32.3"
::1 - - [21/Jul/2023:15:01:36 +0000] "GET /api/v1/categories/ HTTP/1.1" 500 1478 "-" "PostmanRuntime/7.32.3"
::1 - - [21/Jul/2023:15:01:53 +0000] "GET /api/v1/categories/ HTTP/1.1" 200 45 "-" "PostmanRuntime/7.32.3"
::1 - - [21/Jul/2023:15:02:30 +0000] "POST /api/v1/categories/ HTTP/1.1" 500 1458 "-" "PostmanRuntime/7.32.3"
::1 - - [21/Jul/2023:15:02:52 +0000] "POST /api/v1/categories/ HTTP/1.1" 500 1478 "-" "PostmanRuntime/7.32.3"
::1 - - [21/Jul/2023:15:02:57 +0000] "POST /api/v1/categories/ HTTP/1.1" 200 140 "-" "PostmanRuntime/7.32.3"
::1 - - [21/Jul/2023:15:07:26 +0000] "POST /api/v1/categories/ HTTP/1.1" 500 1458 "-" "PostmanRuntime/7.32.3"
::1 - - [21/Jul/2023:15:07:39 +0000] "POST /api/v1/categories/ HTTP/1.1" 200 148 "-" "PostmanRuntime/7.32.3"
::1 - - [21/Jul/2023:15:07:44 +0000] "GET /api/v1/categories/ HTTP/1.1" 200 45 "-" "PostmanRuntime/7.32.3"
::1 - - [21/Jul/2023:15:07:48 +0000] "PUT /api/v1/categories/1 HTTP/1.1" 200 48 "-" "PostmanRuntime/7.32.3"
::1 - - [21/Jul/2023:15:13:34 +0000] "POST /api/v1/categories/ HTTP/1.1" 200 152 "-" "PostmanRuntime/7.32.3"
::1 - - [21/Jul/2023:15:14:01 +0000] "DELETE /api/v1/categories/64ba9dc6fd29a8e21c8f0238 HTTP/1.1" 200 48 "-" "PostmanRuntime/7.32.3"
::1 - - [21/Jul/2023:15:16:20 +0000] "GET /api/v1/categories/ HTTP/1.1" 200 45 "-" "PostmanRuntime/7.32.3"
::1 - - [21/Jul/2023:15:16:33 +0000] "GET /api/v1/categories/ HTTP/1.1" 200 276 "-" "PostmanRuntime/7.32.3"
::1 - - [21/Jul/2023:15:19:22 +0000] "GET /api/v1/categories/64ba9dc6fd29a8e21c8f0238 HTTP/1.1" 200 145 "-" "PostmanRuntime/7.32.3"
::1 - - [21/Jul/2023:15:24:38 +0000] "GET /api/v1/categories/64ba9dc6fd29a8e21c8f0238 HTTP/1.1" 200 145 "-" "PostmanRuntime/7.32.3"
::1 - - [21/Jul/2023:15:24:55 +0000] "PUT /api/v1/categories/64ba9dc6fd29a8e21c8f0238 HTTP/1.1" 200 145 "-" "PostmanRuntime/7.32.3"
::1 - - [21/Jul/2023:15:25:24 +0000] "PUT /api/v1/categories/64ba9dc6fd29a8e21c8f0238 HTTP/1.1" 200 145 "-" "PostmanRuntime/7.32.3"
::1 - - [21/Jul/2023:15:28:38 +0000] "DELETE /api/v1/categories/64ba9dc6fd29a8e21c8f0238 HTTP/1.1" 200 145 "-" "PostmanRuntime/7.32.3"
::1 - - [21/Jul/2023:15:28:57 +0000] "POST /api/v1/categories/ HTTP/1.1" 500 1478 "-" "PostmanRuntime/7.32.3"
::1 - - [21/Jul/2023:15:29:00 +0000] "POST /api/v1/categories/ HTTP/1.1" 200 145 "-" "PostmanRuntime/7.32.3"
::1 - - [21/Jul/2023:15:29:34 +0000] "DELETE /api/v1/categories/64baa43c280cf50e6631912 HTTP/1.1" 500 1498 "-" "PostmanRuntime/7.32.3"
::1 - - [21/Jul/2023:15:29:41 +0000] "DELETE /api/v1/categories/64baa43c280cf50e66319125 HTTP/1.1" 500 1498 "-" "PostmanRuntime/7.32.3"
::1 - - [21/Jul/2023:15:30:28 +0000] "DELETE /api/v1/categories/64baa43c280cf50e66319127 HTTP/1.1" 500 1498 "-" "PostmanRuntime/7.32.3"
::1 - - [21/Jul/2023:15:30:57 +0000] "DELETE /api/v1/categories/64baa43c280cf50e6631912a HTTP/1.1" 200 145 "-" "PostmanRuntime/7.32.3"
::1 - - [21/Jul/2023:15:32:57 +0000] "PUT /api/v1/categories/64ba9dc6fd29a8e21c8f0238 HTTP/1.1" 500 1498 "-" "PostmanRuntime/7.32.3"
::1 - - [21/Jul/2023:15:33:05 +0000] "POST /api/v1/categories/ HTTP/1.1" 200 139 "-" "PostmanRuntime/7.32.3"
::1 - - [21/Jul/2023:15:33:44 +0000] "PUT /api/v1/categories/64baa531ff9b1c03fffccb8f HTTP/1.1" 200 149 "-" "PostmanRuntime/7.32.3"
::1 - - [21/Jul/2023:15:33:59 +0000] "PUT /api/v1/categories/64baa531ff9b1c03fffccb8f HTTP/1.1" 200 407 "-" "PostmanRuntime/7.32.3"
::1 - - [21/Jul/2023:15:34:14 +0000] "PUT /api/v1/categories/64baa531ff9b1c03fffccb8f HTTP/1.1" 200 1931 "-" "PostmanRuntime/7.32.3"
::1 - - [21/Jul/2023:15:36:21 +0000] "PUT /api/v1/categories/64baa531ff9b1c03fffccb8f HTTP/1.1" 200 1891 "-" "PostmanRuntime/7.32.3"
::1 - - [21/Jul/2023:15:37:16 +0000] "PUT /api/v1/categories/64baa531ff9b1c03fffccb8f HTTP/1.1" 500 1498 "-" "PostmanRuntime/7.32.3"
::1 - - [21/Jul/2023:15:42:28 +0000] "PUT /api/v1/categories/64baa531ff9b1c03fffccb8f HTTP/1.1" - - "-" "PostmanRuntime/7.32.3"
::1 - - [21/Jul/2023:15:42:33 +0000] "PUT /api/v1/categories/64baa531ff9b1c03fffccb8f HTTP/1.1" - - "-" "PostmanRuntime/7.32.3"
::1 - - [21/Jul/2023:15:43:12 +0000] "GET /api/v1/categories/64ba9dc6fd29a8e21c8f0238 HTTP/1.1" 500 1498 "-" "PostmanRuntime/7.32.3"
::1 - - [21/Jul/2023:15:43:20 +0000] "DELETE /api/v1/categories/64baa43c280cf50e6631912a HTTP/1.1" 500 1498 "-" "PostmanRuntime/7.32.3"
::1 - - [21/Jul/2023:15:43:28 +0000] "PUT /api/v1/categories/64baa531ff9b1c03fffccb8f HTTP/1.1" 500 1498 "-" "PostmanRuntime/7.32.3"
::1 - - [21/Jul/2023:15:44:06 +0000] "PUT /api/v1/categories/64baa531ff9b1c03fffccb8f HTTP/1.1" 500 820 "-" "PostmanRuntime/7.32.3"
::1 - - [21/Jul/2023:15:44:40 +0000] "PUT /api/v1/categories/64baa531ff9b1c03fffccb8f HTTP/1.1" 500 820 "-" "PostmanRuntime/7.32.3"
::1 - - [21/Jul/2023:15:45:39 +0000] "PUT /api/v1/categories/64baa531ff9b1c03fffccb8f HTTP/1.1" 500 820 "-" "PostmanRuntime/7.32.3"
::1 - - [21/Jul/2023:15:48:08 +0000] "GET /api/v1/categories/64ba9dc6fd29a8e21c8f02385 HTTP/1.1" 500 1391 "-" "PostmanRuntime/7.32.3"
::1 - - [21/Jul/2023:15:48:45 +0000] "GET /api/v1/categories/64ba9dc6fd29a8e21c8f02385 HTTP/1.1" 500 1391 "-" "PostmanRuntime/7.32.3"
::1 - - [21/Jul/2023:15:48:58 +0000] "GET /api/v1/categories/64ba9dc6fd29a8e21c8f02385 HTTP/1.1" 500 1391 "-" "PostmanRuntime/7.32.3"
::1 - - [21/Jul/2023:15:49:26 +0000] "GET /api/v1/categories/64ba9dc6fd29a8e21c8f02385 HTTP/1.1" 500 173 "-" "PostmanRuntime/7.32.3"
::1 - - [21/Jul/2023:15:49:43 +0000] "GET /api/v1/categories/64ba9dc6fd29a8e21c8f02385s HTTP/1.1" 500 175 "-" "PostmanRuntime/7.32.3"
::1 - - [21/Jul/2023:15:49:51 +0000] "GET /api/v1/categories/64ba9dc6fd29a8e21c8f02385ss HTTP/1.1" 500 177 "-" "PostmanRuntime/7.32.3"
::1 - - [21/Jul/2023:15:49:59 +0000] "GET /api/v1/categories/64ba9dc6fd29a8e21c8f02385ss HTTP/1.1" 500 177 "-" "PostmanRuntime/7.32.3"
::1 - - [21/Jul/2023:15:49:59 +0000] "GET /api/v1/categories/64ba9dc6fd29a8e21c8f02385ss HTTP/1.1" 500 177 "-" "PostmanRuntime/7.32.3"
::1 - - [21/Jul/2023:15:50:03 +0000] "GET /api/v1/categories/64ba9dc6fd29a8e21c8f0s HTTP/1.1" 500 167 "-" "PostmanRuntime/7.32.3"
::1 - - [21/Jul/2023:15:50:04 +0000] "GET /api/v1/categories/64ba9dc6fd29a8e21c8f0s HTTP/1.1" 500 167 "-" "PostmanRuntime/7.32.3"
::1 - - [21/Jul/2023:15:50:05 +0000] "GET /api/v1/categories/64ba9dc6fd29a8e21c8f0s HTTP/1.1" 500 167 "-" "PostmanRuntime/7.32.3"
::1 - - [21/Jul/2023:15:53:05 +0000] "PUT /api/v1/categories/64baa531ff9b1c03fffccb8f HTTP/1.1" 500 820 "-" "PostmanRuntime/7.32.3"
::1 - - [21/Jul/2023:15:54:24 +0000] "GET /api/v1/categories/64ba9dc6fd29a8e21c8f0s HTTP/1.1" 501 141 "-" "PostmanRuntime/7.32.3"
::1 - - [21/Jul/2023:15:55:38 +0000] "GET /api/v1/categories/64ba9dc6fd29a8e21c8f0s HTTP/1.1" 501 141 "-" "PostmanRuntime/7.32.3"
