::1 - - [21/Jul/2023:16:02:18 +0000] "GET /api/v1/categories/64ba9dc6fd29a8e21c8f0s HTTP/1.1" 501 141 "-" "PostmanRuntime/7.32.3"
::1 - - [21/Jul/2023:16:02:36 +0000] "GET /api/v1/categories/ HTTP/1.1" 200 2022 "-" "PostmanRuntime/7.32.3"
::1 - - [21/Jul/2023:16:02:51 +0000] "GET /api/v1/categories/64baa531ff9b1c03fffccb8d HTTP/1.1" 401 103 "-" "PostmanRuntime/7.32.3"
::1 - - [21/Jul/2023:16:09:11 +0000] "GET /api/v1/categories/64baa531ff9b1c03fffccb8dd HTTP/1.1" 501 144 "-" "PostmanRuntime/7.32.3"
::1 - - [21/Jul/2023:16:09:52 +0000] "GET /api/v1/categories/64baa531ff9b1c03fffccb8dd HTTP/1.1" 501 144 "-" "PostmanRuntime/7.32.3"
::1 - - [21/Jul/2023:16:10:10 +0000] "GET /api/v1/categories/64baa531ff9b1c03fffccb8d HTTP/1.1" 401 103 "-" "PostmanRuntime/7.32.3"
::1 - - [21/Jul/2023:16:10:23 +0000] "GET /api/v1/categories/64baa531ff9b1c03fffccb8k HTTP/1.1" 501 143 "-" "PostmanRuntime/7.32.3"
::1 - - [21/Jul/2023:16:10:35 +0000] "GET /api/v1/categories/ HTTP/1.1" 200 2022 "-" "PostmanRuntime/7.32.3"
::1 - - [21/Jul/2023:16:10:50 +0000] "GET /api/v1/categories/64baa531ff9b1c03fffccb8f HTTP/1.1" 200 1891 "-" "PostmanRuntime/7.32.3"
::1 - - [21/Jul/2023:16:10:56 +0000] "GET /api/v1/categories/64baa531ff9b1c03fffccb8d HTTP/1.1" 401 103 "-" "PostmanRuntime/7.32.3"
::1 - - [21/Jul/2023:16:11:01 +0000] "GET /api/v1/categories/64baa531ff9b1c03fffccb HTTP/1.1" 501 141 "-" "PostmanRuntime/7.32.3"
::1 - - [21/Jul/2023:16:11:07 +0000] "GET /api/v1/categories/64baa531ff9b1c03fffccl; HTTP/1.1" 501 142 "-" "PostmanRuntime/7.32.3"
::1 - - [21/Jul/2023:16:13:40 +0000] "GET /api/v1/categories/64baa531ff9b1c03fffccl; HTTP/1.1" 501 142 "-" "PostmanRuntime/7.32.3"
::1 - - [21/Jul/2023:16:14:15 +0000] "GET /api/v1/categories/64baa531ff9b1c03fffcclf HTTP/1.1" 501 142 "-" "PostmanRuntime/7.32.3"
::1 - - [21/Jul/2023:16:16:16 +0000] "GET /api/v1/categories/64baa531ff9b1c03fffcclf HTTP/1.1" 501 142 "-" "PostmanRuntime/7.32.3"
::1 - - [21/Jul/2023:16:16:18 +0000] "GET /api/v1/categories/64baa531ff9b1c03fffcclf HTTP/1.1" 501 142 "-" "PostmanRuntime/7.32.3"
::1 - - [21/Jul/2023:16:19:43 +0000] "GET /api/v1/categories/64baa531ff9b1c03fffcclf HTTP/1.1" 501 142 "-" "PostmanRuntime/7.32.3"
::1 - - [21/Jul/2023:16:19:45 +0000] "GET /api/v1/categories/64baa531ff9b1c03fffcclf HTTP/1.1" 501 142 "-" "PostmanRuntime/7.32.3"
::1 - - [21/Jul/2023:16:19:59 +0000] "GET /api/v1/categories/64baa531ff9b1c03fffccb8f HTTP/1.1" 200 1891 "-" "PostmanRuntime/7.32.3"
::1 - - [21/Jul/2023:16:20:04 +0000] "GET /api/v1/categories/64baa531ff9b1c03fffccb8h HTTP/1.1" 501 143 "-" "PostmanRuntime/7.32.3"
::1 - - [21/Jul/2023:16:20:19 +0000] "GET /api/v1/categories/64baa531ff9b1c03fffccb8dd HTTP/1.1" 501 144 "-" "PostmanRuntime/7.32.3"
::1 - - [21/Jul/2023:16:21:28 +0000] "GET /api/v1/categories/64baa531ff9b1c03fffccb8dd HTTP/1.1" 501 144 "-" "PostmanRuntime/7.32.3"
::1 - - [21/Jul/2023:16:21:38 +0000] "GET /api/v1/categories/64baa531ff9b1c03fffccb8f HTTP/1.1" 200 1891 "-" "PostmanRuntime/7.32.3"
::1 - - [21/Jul/2023:16:21:43 +0000] "GET /api/v1/categories/64baa531ff9b1c03fffccb8k HTTP/1.1" 501 143 "-" "PostmanRuntime/7.32.3"
::1 - - [21/Jul/2023:16:26:52 +0000] "GET /api/v1/categories/64baa531ff9b1c03fffccb8k HTTP/1.1" 400 79 "-" "PostmanRuntime/7.32.3"
::1 - - [21/Jul/2023:16:26:59 +0000] "GET /api/v1/categories/64baa531ff9b1c03f HTTP/1.1" 400 79 "-" "PostmanRuntime/7.32.3"
::1 - - [21/Jul/2023:16:27:12 +0000] "GET /api/v1/categories/64baa531ff9b1c03fffccb8l HTTP/1.1" 400 79 "-" "PostmanRuntime/7.32.3"
::1 - - [21/Jul/2023:16:27:32 +0000] "GET /api/v1/categories/ HTTP/1.1" 200 2022 "-" "PostmanRuntime/7.32.3"
::1 - - [21/Jul/2023:16:27:40 +0000] "GET /api/v1/categories/64b HTTP/1.1" 400 79 "-" "PostmanRuntime/7.32.3"
::1 - - [21/Jul/2023:16:28:11 +0000] "POST /api/v1/categories/ HTTP/1.1" 501 138 "-" "PostmanRuntime/7.32.3"
::1 - - [21/Jul/2023:16:28:53 +0000] "POST /api/v1/categories/ HTTP/1.1" 501 135 "-" "PostmanRuntime/7.32.3"
::1 - - [21/Jul/2023:16:29:33 +0000] "POST /api/v1/categories/ HTTP/1.1" 200 146 "-" "PostmanRuntime/7.32.3"
::1 - - [21/Jul/2023:16:29:35 +0000] "POST /api/v1/categories/ HTTP/1.1" 400 103 "-" "PostmanRuntime/7.32.3"
::1 - - [21/Jul/2023:16:39:07 +0000] "DELETE /api/v1/categories/64baa531ff9b1c03fffccb8f HTTP/1.1" 200 1891 "-" "PostmanRuntime/7.32.3"
::1 - - [21/Jul/2023:16:39:13 +0000] "GET /api/v1/categories/ HTTP/1.1" 200 277 "-" "PostmanRuntime/7.32.3"
::1 - - [21/Jul/2023:16:39:27 +0000] "DELETE /api/v1/categories/64bab26d200ac92e82dd0648 HTTP/1.1" 200 146 "-" "PostmanRuntime/7.32.3"
::1 - - [21/Jul/2023:16:40:19 +0000] "POST /api/v1/categories/ HTTP/1.1" 200 166 "-" "PostmanRuntime/7.32.3"
::1 - - [21/Jul/2023:16:40:37 +0000] "POST /api/v1/categories/ HTTP/1.1" 200 155 "-" "PostmanRuntime/7.32.3"
::1 - - [21/Jul/2023:16:41:00 +0000] "POST /api/v1/categories/ HTTP/1.1" 200 164 "-" "PostmanRuntime/7.32.3"
::1 - - [21/Jul/2023:16:41:42 +0000] "POST /api/v1/categories/ HTTP/1.1" 200 185 "-" "PostmanRuntime/7.32.3"
::1 - - [21/Jul/2023:16:42:04 +0000] "POST /api/v1/categories/ HTTP/1.1" 200 153 "-" "PostmanRuntime/7.32.3"
::1 - - [21/Jul/2023:16:42:16 +0000] "POST /api/v1/categories/ HTTP/1.1" 200 166 "-" "PostmanRuntime/7.32.3"
::1 - - [21/Jul/2023:16:42:42 +0000] "POST /api/v1/categories/ HTTP/1.1" 200 173 "-" "PostmanRuntime/7.32.3"
::1 - - [21/Jul/2023:16:43:03 +0000] "POST /api/v1/categories/ HTTP/1.1" 200 156 "-" "PostmanRuntime/7.32.3"
::1 - - [21/Jul/2023:16:43:45 +0000] "POST /api/v1/categories/ HTTP/1.1" 200 151 "-" "PostmanRuntime/7.32.3"
::1 - - [21/Jul/2023:16:44:30 +0000] "POST /api/v1/categories/ HTTP/1.1" 501 135 "-" "PostmanRuntime/7.32.3"
::1 - - [21/Jul/2023:16:44:51 +0000] "POST /api/v1/categories/ HTTP/1.1" 501 135 "-" "PostmanRuntime/7.32.3"
::1 - - [21/Jul/2023:16:45:15 +0000] "POST /api/v1/categories/ HTTP/1.1" 200 188 "-" "PostmanRuntime/7.32.3"
::1 - - [21/Jul/2023:16:51:53 +0000] "GET /api/v1/categories/ HTTP/1.1" 200 1581 "-" "PostmanRuntime/7.32.3"
::1 - - [21/Jul/2023:17:15:16 +0000] "GET /api/v1/categories/ HTTP/1.1" 200 1581 "-" "PostmanRuntime/7.32.3"
::1 - - [21/Jul/2023:17:15:21 +0000] "POST /api/v1/categories/ HTTP/1.1" 400 147 "-" "PostmanRuntime/7.32.3"
::1 - - [21/Jul/2023:17:15:36 +0000] "GET /api/v1/categories/64bab5c1bbca45066a52c1db HTTP/1.1" 200 151 "-" "PostmanRuntime/7.32.3"
::1 - - [21/Jul/2023:17:15:43 +0000] "PUT /api/v1/categories/64bab5c1bbca45066a52c1db HTTP/1.1" 501 126 "-" "PostmanRuntime/7.32.3"
::1 - - [21/Jul/2023:17:15:54 +0000] "PUT /api/v1/categories/64bab5c1bbca45066a52c1db HTTP/1.1" 200 171 "-" "PostmanRuntime/7.32.3"
::1 - - [21/Jul/2023:17:16:01 +0000] "DELETE /api/v1/categories/64bab5c1bbca45066a52c1db HTTP/1.1" 200 171 "-" "PostmanRuntime/7.32.3"
::1 - - [21/Jul/2023:17:16:23 +0000] "POST /api/v1/categories/ HTTP/1.1" 200 151 "-" "PostmanRuntime/7.32.3"
::1 - - [21/Jul/2023:17:40:50 +0000] "GET /api/v1/categories/ HTTP/1.1" 200 26 "-" "PostmanRuntime/7.32.3"
::1 - - [21/Jul/2023:17:41:13 +0000] "GET /api/v1/categories/ HTTP/1.1" 200 1581 "-" "PostmanRuntime/7.32.3"
::1 - - [21/Jul/2023:18:02:10 +0000] "POST /api/v1/categories/ HTTP/1.1" 200 154 "-" "PostmanRuntime/7.32.3"
::1 - - [21/Jul/2023:18:06:02 +0000] "POST /api/v1/categories/ HTTP/1.1" 200 183 "-" "PostmanRuntime/7.32.3"
::1 - - [21/Jul/2023:18:06:45 +0000] "GET /api/v1/categories/ HTTP/1.1" 200 2088 "-" "PostmanRuntime/7.32.3"
::1 - - [21/Jul/2023:18:12:29 +0000] "GET /api/v1/categories/ HTTP/1.1" 200 2160 "-" "PostmanRuntime/7.32.3"
::1 - - [21/Jul/2023:18:13:15 +0000] "POST /api/v1/categories/ HTTP/1.1" 200 184 "-" "PostmanRuntime/7.32.3"
::1 - - [21/Jul/2023:18:17:00 +0000] "GET /api/v1/categories?name=%D0%A5%D2%AF%D2%AF%D1%85%D0%B4%D0%B8%D0%B9%D0%BD%20%D0%B1%D0%B0%D1%80%D0%B0%D0%B0 HTTP/1.1" 200 218 "-" "PostmanRuntime/7.32.3"
::1 - - [21/Jul/2023:18:17:05 +0000] "GET /api/v1/categories?name=%D1%85%D2%AF%D2%AF%D1%85%D0%B4%D0%B8%D0%B9%D0%BD%20%D0%B1%D0%B0%D1%80%D0%B0%D0%B0 HTTP/1.1" 200 26 "-" "PostmanRuntime/7.32.3"
::1 - - [21/Jul/2023:18:17:34 +0000] "GET /api/v1/categories?name=%D0%A5%D2%AF%D2%AF%D1%85%D0%B4%D0%B8%D0%B9%D0%BD%20%D0%B1%D0%B0%D1%80%D0%B0%D0%B0 HTTP/1.1" 200 218 "-" "PostmanRuntime/7.32.3"
::1 - - [21/Jul/2023:18:17:51 +0000] "GET /api/v1/categories/ HTTP/1.1" 200 2321 "-" "PostmanRuntime/7.32.3"
::1 - - [21/Jul/2023:18:19:21 +0000] "GET /api/v1/categories?averagePrice[$gte]=40000 HTTP/1.1" 200 1367 "-" "PostmanRuntime/7.32.3"
::1 - - [21/Jul/2023:18:19:35 +0000] "GET /api/v1/categories?averagePrice[$lte]=40000 HTTP/1.1" 200 979 "-" "PostmanRuntime/7.32.3"
::1 - - [21/Jul/2023:18:20:31 +0000] "GET /api/v1/categories?averagePrice[$gte]=40000&averagePrice[$lt]=75000 HTTP/1.1" 200 367 "-" "PostmanRuntime/7.32.3"
::1 - - [21/Jul/2023:18:23:01 +0000] "GET /api/v1/categories?name=%D0%BD%D0%BE%D0%BC HTTP/1.1" 200 26 "-" "PostmanRuntime/7.32.3"
::1 - - [21/Jul/2023:18:23:06 +0000] "GET /api/v1/categories?name=%D0%9D%D0%BE%D0%BC HTTP/1.1" 200 186 "-" "PostmanRuntime/7.32.3"
::1 - - [21/Jul/2023:18:27:46 +0000] "GET /api/v1/categories/ HTTP/1.1" 200 2321 "-" "PostmanRuntime/7.32.3"
::1 - - [21/Jul/2023:18:33:01 +0000] "GET /api/v1/categories?select=name%20uploadPhoto%20averagePrice HTTP/1.1" 200 1858 "-" "PostmanRuntime/7.32.3"
::1 - - [21/Jul/2023:18:33:55 +0000] "GET /api/v1/categories?select=name%20uploadPhoto%20averagePrice&sort=name HTTP/1.1" 200 26 "-" "PostmanRuntime/7.32.3"
::1 - - [21/Jul/2023:18:34:39 +0000] "GET /api/v1/categories?select=name%20uploadPhoto%20averagePrice&sort=name HTTP/1.1" 501 67 "-" "PostmanRuntime/7.32.3"
::1 - - [21/Jul/2023:18:36:25 +0000] "GET /api/v1/categories?select=name%20uploadPhoto%20averagePrice&sort=name HTTP/1.1" 200 1858 "-" "PostmanRuntime/7.32.3"
::1 - - [21/Jul/2023:19:19:34 +0000] "GET /api/v1/zaruud/ HTTP/1.1" 501 74 "-" "PostmanRuntime/7.32.3"
::1 - - [21/Jul/2023:19:25:03 +0000] "GET /api/v1/categories/ HTTP/1.1" 200 2321 "-" "PostmanRuntime/7.32.3"
::1 - - [21/Jul/2023:19:28:28 +0000] "POST /api/v1/zaruud/ HTTP/1.1" 200 442 "-" "PostmanRuntime/7.32.3"
::1 - - [21/Jul/2023:19:30:59 +0000] "POST /api/v1/zaruud/ HTTP/1.1" 200 447 "-" "PostmanRuntime/7.32.3"
::1 - - [21/Jul/2023:19:32:06 +0000] "POST /api/v1/zaruud/ HTTP/1.1" 200 422 "-" "PostmanRuntime/7.32.3"
::1 - - [21/Jul/2023:19:38:34 +0000] "POST /api/v1/zaruud/ HTTP/1.1" 200 454 "-" "PostmanRuntime/7.32.3"
::1 - - [22/Jul/2023:11:12:21 +0000] "GET /api/v1/categories/ HTTP/1.1" 200 2321 "-" "PostmanRuntime/7.32.3"
::1 - - [22/Jul/2023:13:18:33 +0000] "GET /api/v1/categories?name=%D0%9D%D0%BE%D0%BC HTTP/1.1" 200 186 "-" "PostmanRuntime/7.32.3"
::1 - - [22/Jul/2023:13:18:44 +0000] "GET /api/v1/categories?name=%D0%90%D0%B2%D1%82%D0%BE%D0%BC%D0%B0%D1%88%D0%B8%D0%BD HTTP/1.1" 200 205 "-" "PostmanRuntime/7.32.3"
::1 - - [22/Jul/2023:13:18:59 +0000] "GET /api/v1/zaruud/ HTTP/1.1" 501 74 "-" "PostmanRuntime/7.32.3"
::1 - - [22/Jul/2023:13:24:44 +0000] "GET /api/v1/zaruud/ HTTP/1.1" 200 1337 "-" "PostmanRuntime/7.32.3"
::1 - - [22/Jul/2023:13:28:55 +0000] "POST /api/v1/zaruud/ HTTP/1.1" 200 445 "-" "PostmanRuntime/7.32.3"
::1 - - [22/Jul/2023:13:30:53 +0000] "POST /api/v1/zaruud/64bbd997280b01f0d7dc1156 HTTP/1.1" 404 178 "-" "PostmanRuntime/7.32.3"
::1 - - [22/Jul/2023:13:30:55 +0000] "POST /api/v1/zaruud/64bbd997280b01f0d7dc1156 HTTP/1.1" 404 178 "-" "PostmanRuntime/7.32.3"
::1 - - [22/Jul/2023:13:31:03 +0000] "GET /api/v1/zaruud/64bbd997280b01f0d7dc1156 HTTP/1.1" 404 177 "-" "PostmanRuntime/7.32.3"
::1 - - [22/Jul/2023:13:31:04 +0000] "GET /api/v1/zaruud/64bbd997280b01f0d7dc1156 HTTP/1.1" 404 177 "-" "PostmanRuntime/7.32.3"
::1 - - [22/Jul/2023:13:31:06 +0000] "GET /api/v1/zaruud/64bbd997280b01f0d7dc1156 HTTP/1.1" 404 177 "-" "PostmanRuntime/7.32.3"
::1 - - [22/Jul/2023:13:33:24 +0000] "GET /api/v1/zaruud/64bbd997280b01f0d7dc1156 HTTP/1.1" 200 445 "-" "PostmanRuntime/7.32.3"
::1 - - [22/Jul/2023:14:34:20 +0000] "POST /api/v1/zaruud/ HTTP/1.1" 400 147 "-" "PostmanRuntime/7.32.3"
::1 - - [22/Jul/2023:14:34:41 +0000] "POST /api/v1/zaruud/ HTTP/1.1" 400 147 "-" "PostmanRuntime/7.32.3"
::1 - - [22/Jul/2023:14:37:56 +0000] "POST /api/v1/zaruud/ HTTP/1.1" 400 147 "-" "PostmanRuntime/7.32.3"
::1 - - [22/Jul/2023:14:38:19 +0000] "POST /api/v1/zaruud/ HTTP/1.1" 501 136 "-" "PostmanRuntime/7.32.3"
::1 - - [22/Jul/2023:14:39:55 +0000] "POST /api/v1/zaruud/ HTTP/1.1" 501 136 "-" "PostmanRuntime/7.32.3"
::1 - - [22/Jul/2023:14:41:17 +0000] "POST /api/v1/zaruud/ HTTP/1.1" 200 448 "-" "PostmanRuntime/7.32.3"
::1 - - [22/Jul/2023:14:41:32 +0000] "GET /api/v1/zaruud/64bbea8d8be7c893d0d7c642 HTTP/1.1" 200 448 "-" "PostmanRuntime/7.32.3"
::1 - - [22/Jul/2023:14:42:02 +0000] "PUT /api/v1/zaruud/64bbea8d8be7c893d0d7c642 HTTP/1.1" 200 436 "-" "PostmanRuntime/7.32.3"
::1 - - [22/Jul/2023:14:42:12 +0000] "DELETE /api/v1/zaruud/64bbea8d8be7c893d0d7c642 HTTP/1.1" 200 436 "-" "PostmanRuntime/7.32.3"
::1 - - [22/Jul/2023:14:42:16 +0000] "GET /api/v1/zaruud/ HTTP/1.1" 200 1337 "-" "PostmanRuntime/7.32.3"
::1 - - [22/Jul/2023:14:43:00 +0000] "GET /api/v1/zaruud?page=2 HTTP/1.1" 200 948 "-" "PostmanRuntime/7.32.3"
::1 - - [22/Jul/2023:14:50:44 +0000] "GET /api/v1/zaruud?page=2 HTTP/1.1" 200 948 "-" "PostmanRuntime/7.32.3"
::1 - - [22/Jul/2023:14:50:56 +0000] "GET /api/v1/zaruud?limit=10 HTTP/1.1" 200 2177 "-" "PostmanRuntime/7.32.3"
::1 - - [22/Jul/2023:14:55:23 +0000] "POST /api/v1/zaruud/ HTTP/1.1" 200 469 "-" "PostmanRuntime/7.32.3"
::1 - - [22/Jul/2023:14:55:50 +0000] "GET /api/v1/zaruud/64bab505bbca45066a52c1cd HTTP/1.1" 401 103 "-" "PostmanRuntime/7.32.3"
::1 - - [22/Jul/2023:14:56:09 +0000] "GET /api/v1/zaruud/64bbeddb70c912afcd40737c HTTP/1.1" 200 469 "-" "PostmanRuntime/7.32.3"
::1 - - [22/Jul/2023:14:57:23 +0000] "POST /api/v1/zaruud/ HTTP/1.1" 501 92 "-" "PostmanRuntime/7.32.3"
::1 - - [22/Jul/2023:14:58:01 +0000] "POST /api/v1/zaruud/ HTTP/1.1" 200 400 "-" "PostmanRuntime/7.32.3"
::1 - - [22/Jul/2023:14:58:14 +0000] "GET /api/v1/zaruud/64bbee78d5c58c0557d9aed0 HTTP/1.1" 200 400 "-" "PostmanRuntime/7.32.3"
::1 - - [22/Jul/2023:14:58:56 +0000] "GET /api/v1/zaruud?limit=10 HTTP/1.1" 200 83 "-" "PostmanRuntime/7.32.3"
::1 - - [22/Jul/2023:15:00:44 +0000] "POST /api/v1/zaruud/ HTTP/1.1" 400 117 "-" "PostmanRuntime/7.32.3"
::1 - - [22/Jul/2023:15:04:19 +0000] "GET /api/v1/zaruud?limit=10 HTTP/1.1" 200 2581 "-" "PostmanRuntime/7.32.3"
::1 - - [22/Jul/2023:15:04:21 +0000] "GET /api/v1/categories/ HTTP/1.1" 200 2321 "-" "PostmanRuntime/7.32.3"
::1 - - [22/Jul/2023:15:05:03 +0000] "GET /api/v1/categories/ HTTP/1.1" 200 2321 "-" "PostmanRuntime/7.32.3"
::1 - - [22/Jul/2023:15:05:07 +0000] "GET /api/v1/zaruud?limit=10 HTTP/1.1" 200 3006 "-" "PostmanRuntime/7.32.3"
::1 - - [22/Jul/2023:15:05:15 +0000] "POST /api/v1/zaruud/ HTTP/1.1" 200 458 "-" "PostmanRuntime/7.32.3"
::1 - - [22/Jul/2023:15:05:52 +0000] "POST /api/v1/zaruud/ HTTP/1.1" 200 426 "-" "PostmanRuntime/7.32.3"
::1 - - [22/Jul/2023:15:07:11 +0000] "POST /api/v1/zaruud/ HTTP/1.1" 200 411 "-" "PostmanRuntime/7.32.3"
::1 - - [22/Jul/2023:15:08:14 +0000] "POST /api/v1/zaruud/ HTTP/1.1" 200 394 "-" "PostmanRuntime/7.32.3"
::1 - - [22/Jul/2023:15:09:37 +0000] "POST /api/v1/zaruud/ HTTP/1.1" 200 398 "-" "PostmanRuntime/7.32.3"
::1 - - [22/Jul/2023:15:11:02 +0000] "POST /api/v1/zaruud/ HTTP/1.1" 200 395 "-" "PostmanRuntime/7.32.3"
::1 - - [22/Jul/2023:15:11:50 +0000] "POST /api/v1/zaruud/ HTTP/1.1" 200 409 "-" "PostmanRuntime/7.32.3"
::1 - - [22/Jul/2023:15:13:25 +0000] "POST /api/v1/zaruud/ HTTP/1.1" 200 420 "-" "PostmanRuntime/7.32.3"
::1 - - [22/Jul/2023:15:14:26 +0000] "POST /api/v1/zaruud/ HTTP/1.1" 200 377 "-" "PostmanRuntime/7.32.3"
::1 - - [22/Jul/2023:15:15:36 +0000] "POST /api/v1/zaruud/ HTTP/1.1" 200 395 "-" "PostmanRuntime/7.32.3"
::1 - - [22/Jul/2023:15:17:04 +0000] "POST /api/v1/zaruud/ HTTP/1.1" 200 399 "-" "PostmanRuntime/7.32.3"
::1 - - [22/Jul/2023:15:18:58 +0000] "POST /api/v1/zaruud/ HTTP/1.1" 200 380 "-" "PostmanRuntime/7.32.3"
::1 - - [22/Jul/2023:15:19:46 +0000] "POST /api/v1/zaruud/ HTTP/1.1" 200 402 "-" "PostmanRuntime/7.32.3"
::1 - - [22/Jul/2023:15:21:07 +0000] "POST /api/v1/zaruud/ HTTP/1.1" 200 384 "-" "PostmanRuntime/7.32.3"
::1 - - [22/Jul/2023:15:22:00 +0000] "POST /api/v1/zaruud/ HTTP/1.1" 200 400 "-" "PostmanRuntime/7.32.3"
::1 - - [22/Jul/2023:15:25:54 +0000] "POST /api/v1/zaruud/ HTTP/1.1" 200 418 "-" "PostmanRuntime/7.32.3"
::1 - - [22/Jul/2023:15:26:51 +0000] "POST /api/v1/zaruud/ HTTP/1.1" 200 382 "-" "PostmanRuntime/7.32.3"
::1 - - [22/Jul/2023:15:27:49 +0000] "POST /api/v1/zaruud/ HTTP/1.1" 200 412 "-" "PostmanRuntime/7.32.3"
::1 - - [22/Jul/2023:15:28:54 +0000] "POST /api/v1/zaruud/ HTTP/1.1" 200 469 "-" "PostmanRuntime/7.32.3"
::1 - - [22/Jul/2023:15:30:06 +0000] "POST /api/v1/zaruud/ HTTP/1.1" 200 443 "-" "PostmanRuntime/7.32.3"
::1 - - [22/Jul/2023:15:30:13 +0000] "GET /api/v1/zaruud?limit=10 HTTP/1.1" 200 4247 "-" "PostmanRuntime/7.32.3"
::1 - - [22/Jul/2023:15:30:26 +0000] "GET /api/v1/zaruud?limit=100 HTTP/1.1" 200 10720 "-" "PostmanRuntime/7.32.3"
::1 - - [22/Jul/2023:15:54:07 +0000] "GET /api/v1/zaruud?limit=100 HTTP/1.1" 200 10731 "-" "PostmanRuntime/7.32.3"
::1 - - [22/Jul/2023:15:54:13 +0000] "GET /api/v1/categories/ HTTP/1.1" 501 49 "-" "PostmanRuntime/7.32.3"
::1 - - [22/Jul/2023:15:55:19 +0000] "GET /api/v1/categories/ HTTP/1.1" 200 2332 "-" "PostmanRuntime/7.32.3"
