::1 - - [27/Jul/2023:16:00:28 +0000] "GET /api/v1/categories/ HTTP/1.1" 200 2512 "-" "PostmanRuntime/7.32.3"
::1 - - [27/Jul/2023:16:00:43 +0000] "GET /api/v1/categories/64bab505bbca45066a52c1cd HTTP/1.1" 200 1619 "-" "PostmanRuntime/7.32.3"
::1 - - [27/Jul/2023:16:01:17 +0000] "DELETE /api/v1/categories/64bab505bbca45066a52c1cd HTTP/1.1" 501 41 "-" "PostmanRuntime/7.32.3"
::1 - - [27/Jul/2023:16:01:21 +0000] "POST /api/v1/users/login HTTP/1.1" 200 489 "-" "PostmanRuntime/7.32.3"
::1 - - [27/Jul/2023:16:01:24 +0000] "DELETE /api/v1/categories/64bab505bbca45066a52c1cd HTTP/1.1" 501 49 "-" "PostmanRuntime/7.32.3"
::1 - - [27/Jul/2023:16:05:50 +0000] "DELETE /api/v1/categories/64bab505bbca45066a52c1cd HTTP/1.1" 501 49 "-" "PostmanRuntime/7.32.3"
::1 - - [27/Jul/2023:16:08:16 +0000] "DELETE /api/v1/categories/64bab505bbca45066a52c1cd HTTP/1.1" 501 49 "-" "PostmanRuntime/7.32.3"
::1 - - [27/Jul/2023:16:08:44 +0000] "DELETE /api/v1/categories/64bab505bbca45066a52c1cd HTTP/1.1" 501 50 "-" "PostmanRuntime/7.32.3"
::1 - - [27/Jul/2023:16:10:34 +0000] "DELETE /api/v1/categories/64bab505bbca45066a52c1cd HTTP/1.1" 501 45 "-" "PostmanRuntime/7.32.3"
::1 - - [27/Jul/2023:16:25:02 +0000] "DELETE /api/v1/categories/64bab505bbca45066a52c1cd HTTP/1.1" 501 49 "-" "PostmanRuntime/7.32.3"
::1 - - [27/Jul/2023:16:30:45 +0000] "DELETE /api/v1/categories/64bab505bbca45066a52c1cd HTTP/1.1" 501 49 "-" "PostmanRuntime/7.32.3"
::1 - - [27/Jul/2023:16:31:09 +0000] "DELETE /api/v1/categories/64bab505bbca45066a52c1cd HTTP/1.1" 501 49 "-" "PostmanRuntime/7.32.3"
::1 - - [27/Jul/2023:16:33:26 +0000] "DELETE /api/v1/categories/64bab505bbca45066a52c1cd HTTP/1.1" 501 49 "-" "PostmanRuntime/7.32.3"
::1 - - [27/Jul/2023:16:39:01 +0000] "DELETE /api/v1/categories/64bab505bbca45066a52c1cd HTTP/1.1" 501 63 "-" "PostmanRuntime/7.32.3"
::1 - - [27/Jul/2023:16:39:56 +0000] "GET /api/v1/categories/64bab505bbca45066a52c1cd HTTP/1.1" 401 103 "-" "PostmanRuntime/7.32.3"
::1 - - [27/Jul/2023:16:40:00 +0000] "GET /api/v1/categories/ HTTP/1.1" 200 2317 "-" "PostmanRuntime/7.32.3"
::1 - - [27/Jul/2023:16:40:05 +0000] "GET /api/v1/comments/ HTTP/1.1" 200 5071 "-" "PostmanRuntime/7.32.3"
::1 - - [27/Jul/2023:16:40:35 +0000] "GET /api/v1/zaruud/64badc5ce7c7d984c10a00d7 HTTP/1.1" 200 2433 "-" "PostmanRuntime/7.32.3"
::1 - - [27/Jul/2023:16:40:45 +0000] "GET /api/v1/categories/64bab61a6a14641a0d45e226 HTTP/1.1" 200 2198 "-" "PostmanRuntime/7.32.3"
::1 - - [27/Jul/2023:16:46:59 +0000] "POST /api/v1/users/login HTTP/1.1" 200 489 "-" "PostmanRuntime/7.32.3"
::1 - - [27/Jul/2023:16:47:22 +0000] "DELETE /api/v1/categories/64bab61a6a14641a0d45e226 HTTP/1.1" 501 49 "-" "PostmanRuntime/7.32.3"
::1 - - [27/Jul/2023:16:50:42 +0000] "DELETE /api/v1/categories/64bab61a6a14641a0d45e226 HTTP/1.1" 200 2262 "-" "PostmanRuntime/7.32.3"
::1 - - [27/Jul/2023:16:57:35 +0000] "GET /api/v1/zaruud?page=2 HTTP/1.1" 200 1681 "-" "PostmanRuntime/7.32.3"
::1 - - [27/Jul/2023:16:58:06 +0000] "POST /api/v1/comments/ HTTP/1.1" 200 201 "-" "PostmanRuntime/7.32.3"
::1 - - [27/Jul/2023:16:58:27 +0000] "GET /api/v1/comments/64c2a21e09f19da972c8a229 HTTP/1.1" 200 201 "-" "PostmanRuntime/7.32.3"
